#
# There is insufficient memory for the Java Runtime Environment to continue.
# Native memory allocation (malloc) failed to allocate 1048576 bytes. Error detail: AllocateHeap
# Possible reasons:
#   The system is out of physical RAM or swap space
#   This process is running with CompressedOops enabled, and the Java Heap may be blocking the growth of the native heap
# Possible solutions:
#   Reduce memory load on the system
#   Increase physical memory or swap space
#   Check if swap backing store is full
#   Decrease Java heap size (-Xmx/-Xms)
#   Decrease number of Java threads
#   Decrease Java thread stack sizes (-Xss)
#   Set larger code cache with -XX:ReservedCodeCacheSize=
#   JVM is running with Zero Based Compressed Oops mode in which the Java heap is
#     placed in the first 32GB address space. The Java Heap base address is the
#     maximum limit for the native heap growth. Please use -XX:HeapBaseMinAddress
#     to set the Java Heap base and to place the Java Heap above 32GB virtual address.
# This output file may be truncated or incomplete.
#
#  Out of Memory Error (allocation.cpp:44), pid=3448, tid=22032
#
# JRE version:  (17.0.11+1) (build )
# Java VM: OpenJDK 64-Bit Server VM (17.0.11+1-b1207.24, mixed mode, sharing, tiered, compressed oops, compressed class ptrs, g1 gc, windows-amd64)
# No core dump will be written. Minidumps are not enabled by default on client versions of Windows
#

---------------  S U M M A R Y ------------

Command Line: git4idea.http.GitAskPassApp Username for 'https://github.com': 

Host: AMD Ryzen 5 5600H with Radeon Graphics         , 12 cores, 23G,  Windows 11 , 64 bit Build 26100 (10.0.26100.6725)
Time: Fri Oct 31 14:21:03 2025 India Standard Time elapsed time: 2.055566 seconds (0d 0h 0m 2s)

---------------  T H R E A D  ---------------

Current thread (0x00000225a657d450):  JavaThread "Unknown thread" [_thread_in_vm, id=22032, stack(0x000000aeecf00000,0x000000aeed000000)]

Stack: [0x000000aeecf00000,0x000000aeed000000]
Native frames: (J=compiled Java code, j=interpreted, Vv=VM code, C=native code)
V  [jvm.dll+0x6877f9]
V  [jvm.dll+0x8411aa]
V  [jvm.dll+0x842e2e]
V  [jvm.dll+0x843493]
V  [jvm.dll+0x249fdf]
V  [jvm.dll+0xa6cc3]
V  [jvm.dll+0x2e9c27]
V  [jvm.dll+0x2e18bb]
V  [jvm.dll+0x811c71]
V  [jvm.dll+0x36f7c8]
V  [jvm.dll+0x7f05f6]
V  [jvm.dll+0x3f398f]
V  [jvm.dll+0x3f5541]
C  [jli.dll+0x528f]
C  [ucrtbase.dll+0x37b0]
C  [KERNEL32.DLL+0x2e8d7]
C  [ntdll.dll+0x8c53c]


---------------  P R O C E S S  ---------------

Threads class SMR info:
_java_thread_list=0x00007ffd9e87efd8, length=0, elements={
}

Java Threads: ( => current thread )

Other Threads:
  0x00000225a6607850 GCTaskThread "GC Thread#0" [stack: 0x000000aeed000000,0x000000aeed100000] [id=37464]

[error occurred during error reporting (printing all threads), id 0xc0000005, EXCEPTION_ACCESS_VIOLATION (0xc0000005) at pc=0x00007ffd9e02eb70]

VM state: not at safepoint (not fully initialized)

VM Mutex/Monitor currently owned by a thread:  ([mutex/lock_event])
[0x00000225a6578000] Heap_lock - owner thread: 0x00000225a657d450

Heap address: 0x000000068a400000, size: 5980 MB, Compressed Oops mode: Zero based, Oop shift amount: 3

CDS archive(s) mapped at: [0x0000000000000000-0x0000000000000000-0x0000000000000000), size 0, SharedBaseAddress: 0x0000000800000000, ArchiveRelocationMode: 1.
Narrow klass base: 0x0000000000000000, Narrow klass shift: 0, Narrow klass range: 0x0

GC Precious Log:
<Empty>

Heap:
 garbage-first heap   total 0K, used 0K [0x000000068a400000, 0x0000000800000000)
  region size 4096K, 0 young (0K), 0 survivors (0K)
 Metaspace       used 0K, committed 0K, reserved 0K
  class space    used 0K, committed 0K, reserved 0K

Heap Regions: E=young(eden), S=young(survivor), O=old, HS=humongous(starts), HC=humongous(continues), CS=collection set, F=free, OA=open archive, CA=closed archive, TAMS=top-at-mark-start (previous, next)

Card table byte_map: [0x00000225ba5d0000,0x00000225bb180000] _byte_map_base: 0x00000225b717e000

GC Heap History (0 events):
No events

Dll operation events (1 events):
Event: 0.027 Loaded shared library C:\Program Files\JetBrains\IntelliJ IDEA Community Edition 2024.1.2\jbr\bin\java.dll

Deoptimization events (0 events):
No events

Classes unloaded (0 events):
No events

Classes redefined (0 events):
No events

Internal exceptions (0 events):
No events

VM Operations (0 events):
No events

Events (0 events):
No events


Dynamic libraries:
0x00007ff64cdb0000 - 0x00007ff64cdba000 	C:\Program Files\JetBrains\IntelliJ IDEA Community Edition 2024.1.2\jbr\bin\java.exe
0x00007ffdeee00000 - 0x00007ffdef068000 	C:\WINDOWS\SYSTEM32\ntdll.dll
0x00007ffdede60000 - 0x00007ffdedf29000 	C:\WINDOWS\System32\KERNEL32.DLL
0x00007ffdec3b0000 - 0x00007ffdec7a2000 	C:\WINDOWS\System32\KERNELBASE.dll
0x00007ffdec920000 - 0x00007ffdeca6b000 	C:\WINDOWS\System32\ucrtbase.dll
0x00007ffdc50a0000 - 0x00007ffdc50bb000 	C:\Program Files\JetBrains\IntelliJ IDEA Community Edition 2024.1.2\jbr\bin\VCRUNTIME140.dll
0x00007ffdcf520000 - 0x00007ffdcf537000 	C:\Program Files\JetBrains\IntelliJ IDEA Community Edition 2024.1.2\jbr\bin\jli.dll
0x00007ffded690000 - 0x00007ffded855000 	C:\WINDOWS\System32\USER32.dll
0x00007ffdd1e80000 - 0x00007ffdd2113000 	C:\WINDOWS\WinSxS\amd64_microsoft.windows.common-controls_6595b64144ccf1df_6.0.26100.6899_none_3e0efeeae32e88c1\COMCTL32.dll
0x00007ffdeca70000 - 0x00007ffdeca97000 	C:\WINDOWS\System32\win32u.dll
0x00007ffdee860000 - 0x00007ffdee909000 	C:\WINDOWS\System32\msvcrt.dll
0x00007ffded1b0000 - 0x00007ffded1db000 	C:\WINDOWS\System32\GDI32.dll
0x00007ffdec100000 - 0x00007ffdec22d000 	C:\WINDOWS\System32\gdi32full.dll
0x00007ffdebf90000 - 0x00007ffdec033000 	C:\WINDOWS\System32\msvcp_win.dll
0x00007ffded2a0000 - 0x00007ffded2cf000 	C:\WINDOWS\System32\IMM32.DLL
0x00007ffde4540000 - 0x00007ffde454c000 	C:\Program Files\JetBrains\IntelliJ IDEA Community Edition 2024.1.2\jbr\bin\vcruntime140_1.dll
0x00007ffda04f0000 - 0x00007ffda057d000 	C:\Program Files\JetBrains\IntelliJ IDEA Community Edition 2024.1.2\jbr\bin\msvcp140.dll
0x00007ffd9dd40000 - 0x00007ffd9e9c3000 	C:\Program Files\JetBrains\IntelliJ IDEA Community Edition 2024.1.2\jbr\bin\server\jvm.dll
0x00007ffded1e0000 - 0x00007ffded294000 	C:\WINDOWS\System32\ADVAPI32.dll
0x00007ffdee910000 - 0x00007ffdee9b6000 	C:\WINDOWS\System32\sechost.dll
0x00007ffdecf50000 - 0x00007ffded068000 	C:\WINDOWS\System32\RPCRT4.dll
0x00007ffde3650000 - 0x00007ffde3685000 	C:\WINDOWS\SYSTEM32\WINMM.dll
0x00007ffdebe10000 - 0x00007ffdebe6e000 	C:\WINDOWS\SYSTEM32\POWRPROF.dll
0x00007ffdce040000 - 0x00007ffdce04a000 	C:\WINDOWS\SYSTEM32\WSOCK32.dll
0x00007ffde36b0000 - 0x00007ffde36bb000 	C:\WINDOWS\SYSTEM32\VERSION.dll
0x00007ffdeed40000 - 0x00007ffdeedb4000 	C:\WINDOWS\System32\WS2_32.dll
0x00007ffdebdf0000 - 0x00007ffdebe04000 	C:\WINDOWS\SYSTEM32\UMPDC.dll
0x00007ffdead40000 - 0x00007ffdead5b000 	C:\WINDOWS\SYSTEM32\kernel.appcore.dll
0x00007ffde9010000 - 0x00007ffde901a000 	C:\Program Files\JetBrains\IntelliJ IDEA Community Edition 2024.1.2\jbr\bin\jimage.dll
0x00007ffde0320000 - 0x00007ffde0562000 	C:\WINDOWS\SYSTEM32\DBGHELP.DLL
0x00007ffdecbd0000 - 0x00007ffdecf4b000 	C:\WINDOWS\System32\combase.dll
0x00007ffdedf30000 - 0x00007ffdee007000 	C:\WINDOWS\System32\OLEAUT32.dll
0x00007ffdd42a0000 - 0x00007ffdd42dc000 	C:\WINDOWS\SYSTEM32\dbgcore.DLL
0x00007ffdecaa0000 - 0x00007ffdecb38000 	C:\WINDOWS\System32\bcryptPrimitives.dll
0x00007ffde8fe0000 - 0x00007ffde9005000 	C:\Program Files\JetBrains\IntelliJ IDEA Community Edition 2024.1.2\jbr\bin\java.dll

dbghelp: loaded successfully - version: 4.0.5 - missing functions: none
symbol engine: initialized successfully - sym options: 0x614 - pdb path: .;C:\Program Files\JetBrains\IntelliJ IDEA Community Edition 2024.1.2\jbr\bin;C:\WINDOWS\SYSTEM32;C:\WINDOWS\WinSxS\amd64_microsoft.windows.common-controls_6595b64144ccf1df_6.0.26100.6899_none_3e0efeeae32e88c1;C:\Program Files\JetBrains\IntelliJ IDEA Community Edition 2024.1.2\jbr\bin\server

VM Arguments:
java_command: git4idea.http.GitAskPassApp Username for 'https://github.com': 
java_class_path (initial): C:/Program Files/JetBrains/IntelliJ IDEA Community Edition 2024.1.2/plugins/vcs-git/lib/git4idea-rt.jar;C:/Program Files/JetBrains/IntelliJ IDEA Community Edition 2024.1.2/lib/externalProcess-rt.jar
Launcher Type: SUN_STANDARD

[Global flags]
     intx CICompilerCount                          = 4                                         {product} {ergonomic}
     uint ConcGCThreads                            = 3                                         {product} {ergonomic}
     uint G1ConcRefinementThreads                  = 10                                        {product} {ergonomic}
   size_t G1HeapRegionSize                         = 4194304                                   {product} {ergonomic}
    uintx GCDrainStackTargetSize                   = 64                                        {product} {ergonomic}
   size_t InitialHeapSize                          = 394264576                                 {product} {ergonomic}
   size_t MarkStackSize                            = 4194304                                   {product} {ergonomic}
   size_t MaxHeapSize                              = 6270484480                                {product} {ergonomic}
   size_t MinHeapDeltaBytes                        = 4194304                                   {product} {ergonomic}
   size_t MinHeapSize                              = 8388608                                   {product} {ergonomic}
    uintx NonNMethodCodeHeapSize                   = 5839372                                {pd product} {ergonomic}
    uintx NonProfiledCodeHeapSize                  = 122909434                              {pd product} {ergonomic}
    uintx ProfiledCodeHeapSize                     = 122909434                              {pd product} {ergonomic}
    uintx ReservedCodeCacheSize                    = 251658240                              {pd product} {ergonomic}
     bool SegmentedCodeCache                       = true                                      {product} {ergonomic}
   size_t SoftMaxHeapSize                          = 6270484480                             {manageable} {ergonomic}
     bool UseCompressedClassPointers               = true                           {product lp64_product} {ergonomic}
     bool UseCompressedOops                        = true                           {product lp64_product} {ergonomic}
     bool UseG1GC                                  = true                                      {product} {ergonomic}
     bool UseLargePagesIndividualAllocation        = false                                  {pd product} {ergonomic}

Logging:
Log output configuration:
 #0: stdout all=warning uptime,level,tags
 #1: stderr all=off uptime,level,tags

Environment Variables:
PATH=C:\Program Files\Git\mingw64\libexec\git-core;C:\Program Files\Git\mingw64\libexec\git-core;C:\Program Files\Git\mingw64\bin;C:\Program Files\Git\usr\bin;C:\Users\Akhilraj\bin;C:\Program Files\Common Files\Oracle\Java\javapath;C:\windows\system32;C:\windows;C:\windows\System32\Wbem;C:\windows\System32\WindowsPowerShell\v1.0;C:\windows\System32\OpenSSH;C:\Program Files (x86)\NVIDIA Corporation\PhysX\Common;C:\Program Files\NVIDIA Corporation\NVIDIA NvDLISR;C:\mingw-w64\x86_64-8.1.0-posix-seh-rt_v6-rev0\mingw64\bin;C:\WINDOWS\system32;C:\WINDOWS;C:\WINDOWS\System32\Wbem;C:\WINDOWS\System32\WindowsPowerShell\v1.0;C:\WINDOWS\System32\OpenSSH;C:\ProgramData\chocolatey\bin;C:\ProgramData\ComposerSetup\bin;C:\wamp64\bin\php\php7.4.26;C:\Users\Akhilraj\AppData\Local\Programs\Python;C:\Users\Akhilraj\AppData\Local\Programs\Python\Python310\Scripts;C:\Program Files\Microsoft SQL Server\Client SDK\ODBC\170\Tools\Binn;C:\Program Files\nodejs;C:\Program Files\Git\cmd;C:\Program Files (x86)\Microsoft SQL Server\160\Tools\Binn;C:\Program Files\Microsoft SQL Server\160\Tools\Binn;C:\Program Files\Microsoft SQL Server\160\DTS\Binn;C:\Program Files\Java\jdk-17\bin;C:\Users\Akhilraj\AppData\Local\Android\Sdk;%LOCALAPPDATA%\Android\Sdk\platform-tools;%LOCALAPPDATA%\Android\Sdk;C:\Program Files (x86)\Microsoft SQL Server\160\DTS\Binn;C:\Program Files\Apache\Maven\apache-maven-3.9.9\bin;C:\Users\Akhilraj\AppData\Local\Programs\Python\Launcher;C:\Program Files\MySQL\MySQL Shell 8.0\bin;C:\Users\Akhilraj\AppData\Local\Microsoft\WindowsApps;C:\Users\Akhilraj\AppData\Local\Programs\Microsoft VS Code\bin;C:\Program Files\Git\usr\bin;C:\Users\Akhilraj\AppData\Roaming\Composer\vendor\bin;C:\Users\Akhilraj\AppData\Local\Programs\Python\Python310\Scripts;C:\Users\Akhilraj\AppData\Local\Programs\Python\Python310;C:\Users\Akhilraj\AppData\Local\Programs\MiKTeX\miktex\bin\x64;C:\Users\Akhilraj\AppData\Roaming\npm;C:\Program Files\Java\jdk-17\bin;C:\Users\Akhilraj\AppData\Local\Android\Sdk;C:\Users
USERNAME=Akhilraj
DISPLAY=:0.0
LC_ALL=en_US.UTF-8
TERM=xterm-256color
TMPDIR=C:\Users\Akhilraj\AppData\Local\Temp
OS=Windows_NT
PROCESSOR_IDENTIFIER=AMD64 Family 25 Model 80 Stepping 0, AuthenticAMD
TMP=C:\Users\Akhilraj\AppData\Local\Temp
TEMP=C:\Users\Akhilraj\AppData\Local\Temp



Periodic native trim disabled

JNI global refs:
JNI global refs: 0, weak refs: 0

JNI global refs memory usage: 0, weak refs: 0

Process memory usage:
Resident Set Size: 12896K (0% of 24479580K total physical memory with 1647936K free physical memory)

OOME stack traces (most recent first):
Classloader memory used:


---------------  S Y S T E M  ---------------

OS:
 Windows 11 , 64 bit Build 26100 (10.0.26100.6725)
OS uptime: 3 days 3:17 hours
Hyper-V role detected

CPU: total 12 (initial active 12) (12 cores per cpu, 2 threads per core) family 25 model 80 stepping 0 microcode 0xa50000d, cx8, cmov, fxsr, ht, mmx, 3dnowpref, sse, sse2, sse3, ssse3, sse4a, sse4.1, sse4.2, popcnt, lzcnt, tsc, tscinvbit, avx, avx2, aes, erms, clmul, bmi1, bmi2, adx, sha, fma, vzeroupper, clflush, clflushopt, hv
Processor Information for processor 0
  Max Mhz: 3301, Current Mhz: 1908, Mhz Limit: 3301
Processor Information for processor 1
  Max Mhz: 3301, Current Mhz: 1908, Mhz Limit: 3301
Processor Information for processor 2
  Max Mhz: 3301, Current Mhz: 1908, Mhz Limit: 3301
Processor Information for processor 3
  Max Mhz: 3301, Current Mhz: 1908, Mhz Limit: 3301
Processor Information for processor 4
  Max Mhz: 3301, Current Mhz: 1908, Mhz Limit: 3301
Processor Information for processor 5
  Max Mhz: 3301, Current Mhz: 1908, Mhz Limit: 3301
Processor Information for processor 6
  Max Mhz: 3301, Current Mhz: 1908, Mhz Limit: 3301
Processor Information for processor 7
  Max Mhz: 3301, Current Mhz: 1908, Mhz Limit: 3301
Processor Information for processor 8
  Max Mhz: 3301, Current Mhz: 1805, Mhz Limit: 3301
Processor Information for processor 9
  Max Mhz: 3301, Current Mhz: 1805, Mhz Limit: 3301
Processor Information for processor 10
  Max Mhz: 3301, Current Mhz: 1805, Mhz Limit: 3301
Processor Information for processor 11
  Max Mhz: 3301, Current Mhz: 1805, Mhz Limit: 3301

Memory: 4k page, system-wide physical 23905M (1609M free)
TotalPageFile size 42655M (AvailPageFile size 227M)
current process WorkingSet (physical memory assigned to process): 12M, peak: 12M
current process commit charge ("private bytes"): 63M, peak: 64M

vm_info: OpenJDK 64-Bit Server VM (17.0.11+1-b1207.24) for windows-amd64 JRE (17.0.11+1-b1207.24), built on 2024-05-15 by "builduser" with MS VC++ 16.10 / 16.11 (VS2019)

END.
